Removed Pin From Net: NetName=VCC Pin=P4-1
Removed Pin From Net: NetName=GND Pin=R1-1
Change Component Designator: OldDesignator=C1 NewDesignator=Cin
Change Component Designator: OldDesignator=C2 NewDesignator=Cout
Change Component Designator: OldDesignator=C3 NewDesignator=XtalC2
Change Component Designator: OldDesignator=C4 NewDesignator=XtalC1
Change Component Designator: OldDesignator=C5 NewDesignator=AnalogC
Change Component Designator: OldDesignator=D1 NewDesignator=BridgeIn
Change Component Designator: OldDesignator=P1 NewDesignator=PB&PD
Change Component Designator: OldDesignator=P2 NewDesignator=PA&PC
Change Component Designator: OldDesignator=P3 NewDesignator=PowerConnect
Change Component Designator: OldDesignator=P4 NewDesignator=ResetButton
Change Component Designator: OldDesignator=R1 NewDesignator=ResetPullup
Change Component Designator: OldDesignator=U1 NewDesignator=Atmega32a
Change Component Designator: OldDesignator=U2 NewDesignator=Regulator
Change Component Designator: OldDesignator=Y1 NewDesignator=Xtal
Added Component: Designator=ISP(HDR2X3)
Added Pin To Net: NetName=NetC1_1 Pin=ISP-2
Added Pin To Net: NetName=NetP4_2 Pin=ISP-5
Added Pin To Net: NetName=GND Pin=ISP-6
Added Pin To Net: NetName=GND Pin=ResetButton-1
Added Pin To Net: NetName=VCC Pin=ResetPullup-1
Change Net Name : Old Net Name=NetC1_1 New Net Name=VIN
Change Net Name : Old Net Name=NetC4_2 New Net Name=NetAtmega32a_13
Change Net Name : Old Net Name=NetD1_2 New Net Name=NetBridgeIn_2
Change Net Name : Old Net Name=NetD1_4 New Net Name=NetBridgeIn_4
Change Net Name : Old Net Name=NetP1_1 New Net Name=NetAtmega32a_21
Change Net Name : Old Net Name=NetP1_2 New Net Name=NetAtmega32a_20
Change Net Name : Old Net Name=NetP1_3 New Net Name=NetAtmega32a_19
Change Net Name : Old Net Name=NetP1_4 New Net Name=NetAtmega32a_18
Change Net Name : Old Net Name=NetP1_5 New Net Name=NetAtmega32a_17
Change Net Name : Old Net Name=NetP1_6 New Net Name=NetAtmega32a_16
Change Net Name : Old Net Name=NetP1_7 New Net Name=NetAtmega32a_15
Change Net Name : Old Net Name=NetP1_8 New Net Name=NetAtmega32a_14
Change Net Name : Old Net Name=NetP1_12 New Net Name=NetAtmega32a_5
Change Net Name : Old Net Name=NetP1_13 New Net Name=NetAtmega32a_4
Change Net Name : Old Net Name=NetP1_14 New Net Name=NetAtmega32a_3
Change Net Name : Old Net Name=NetP1_15 New Net Name=NetAtmega32a_2
Change Net Name : Old Net Name=NetP1_16 New Net Name=NetAtmega32a_1
Change Net Name : Old Net Name=NetP2_1 New Net Name=NetAtmega32a_40
Change Net Name : Old Net Name=NetP2_2 New Net Name=NetAtmega32a_39
Change Net Name : Old Net Name=NetP2_3 New Net Name=NetAtmega32a_38
Change Net Name : Old Net Name=NetP2_4 New Net Name=NetAtmega32a_37
Change Net Name : Old Net Name=NetP2_5 New Net Name=NetAtmega32a_36
Change Net Name : Old Net Name=NetP2_6 New Net Name=NetAtmega32a_35
Change Net Name : Old Net Name=NetP2_7 New Net Name=NetAtmega32a_34
Change Net Name : Old Net Name=NetP2_8 New Net Name=NetAtmega32a_33
Change Net Name : Old Net Name=NetP2_9 New Net Name=NetAtmega32a_22
Change Net Name : Old Net Name=NetP2_10 New Net Name=NetAtmega32a_23
Change Net Name : Old Net Name=NetP2_11 New Net Name=NetAtmega32a_24
Change Net Name : Old Net Name=NetP2_12 New Net Name=NetAtmega32a_25
Change Net Name : Old Net Name=NetP2_13 New Net Name=NetAtmega32a_26
Change Net Name : Old Net Name=NetP2_14 New Net Name=NetAtmega32a_27
Change Net Name : Old Net Name=NetP2_15 New Net Name=NetAtmega32a_28
Change Net Name : Old Net Name=NetP2_16 New Net Name=NetAtmega32a_29
Change Net Name : Old Net Name=NetP4_2 New Net Name=RESET
Added Pin To Net: NetName=MISO Pin=Atmega32a-7
Added Pin To Net: NetName=MISO Pin=ISP-1
Added Pin To Net: NetName=MISO Pin=PB&PD-10
Added Net: Name=MISO
Added Pin To Net: NetName=MOSI Pin=Atmega32a-6
Added Pin To Net: NetName=MOSI Pin=ISP-4
Added Pin To Net: NetName=MOSI Pin=PB&PD-11
Added Net: Name=MOSI
Added Pin To Net: NetName=SCK Pin=Atmega32a-8
Added Pin To Net: NetName=SCK Pin=ISP-3
Added Pin To Net: NetName=SCK Pin=PB&PD-9
Added Net: Name=SCK
Added Member To Class: ClassName=HeaderBoard Member=Component Cin Cap Pol1
Added Member To Class: ClassName=HeaderBoard Member=Component ISP Header 3X2
